<?xml version="1.0" encoding="utf-8"?><testsuites name="pytest tests"><testsuite name="pytest" errors="0" failures="0" skipped="0" tests="27" time="13.135" timestamp="2026-05-08T04:29:01.596871+00:00" hostname="agent-env-9d49ee34-9f98-4382-baab-b40b4f813ab7"><testcase classname="backend.tests.test_lockout.TestLockout" name="test_lockout_after_5_failed_attempts" time="2.094" /><testcase classname="backend.tests.test_lockout.TestLockout" name="test_successful_login_clears_failure_counter" time="3.352" /><testcase classname="backend.tests.test_lockout.TestLockout" name="test_lockout_does_not_affect_other_users" time="2.700" /><testcase classname="backend.tests.test_lockout.TestLockout" name="test_login_attempts_index_unique_on_identifier" time="0.073" /><testcase classname="backend.tests.test_synthetic_sparks_backend.TestHealth" name="test_api_root" time="0.113" /><testcase classname="backend.tests.test_synthetic_sparks_backend.TestAuth" name="test_register_returns_token_and_cookies" time="0.340" /><testcase classname="backend.tests.test_synthetic_sparks_backend.TestAuth" name="test_register_duplicate_rejected" time="0.444" /><testcase classname="backend.tests.test_synthetic_sparks_backend.TestAuth" name="test_login_valid" time="0.330" /><testcase classname="backend.tests.test_synthetic_sparks_backend.TestAuth" name="test_login_invalid_password" time="0.334" /><testcase classname="backend.tests.test_synthetic_sparks_backend.TestAuth" name="test_login_unknown_user" time="0.107" /><testcase classname="backend.tests.test_synthetic_sparks_backend.TestAuth" name="test_admin_seeded_login" time="0.349" /><testcase classname="backend.tests.test_synthetic_sparks_backend.TestAuth" name="test_me_with_bearer" time="0.125" /><testcase classname="backend.tests.test_synthetic_sparks_backend.TestAuth" name="test_me_with_cookie" time="0.053" /><testcase classname="backend.tests.test_synthetic_sparks_backend.TestAuth" name="test_me_unauthenticated" time="0.099" /><testcase classname="backend.tests.test_synthetic_sparks_backend.TestAuth" name="test_me_invalid_bearer" time="0.162" /><testcase classname="backend.tests.test_synthetic_sparks_backend.TestCharacter" name="test_create_character" time="0.144" /><testcase classname="backend.tests.test_synthetic_sparks_backend.TestCharacter" name="test_get_character_after_create" time="0.110" /><testcase classname="backend.tests.test_synthetic_sparks_backend.TestCharacter" name="test_get_character_for_new_user" time="0.441" /><testcase classname="backend.tests.test_synthetic_sparks_backend.TestCharacter" name="test_character_create_requires_auth" time="0.102" /><testcase classname="backend.tests.test_synthetic_sparks_backend.TestGameSave" name="test_save_persists_state" time="0.236" /><testcase classname="backend.tests.test_synthetic_sparks_backend.TestGameSave" name="test_load_when_no_save_returns_404" time="0.416" /><testcase classname="backend.tests.test_synthetic_sparks_backend.TestGameSave" name="test_checkpoint_then_restore" time="0.326" /><testcase classname="backend.tests.test_synthetic_sparks_backend.TestGameSave" name="test_save_requires_auth" time="0.100" /><testcase classname="backend.tests.test_synthetic_sparks_backend.TestArena" name="test_submit_score_and_leaderboard" time="0.198" /><testcase classname="backend.tests.test_synthetic_sparks_backend.TestArena" name="test_arena_score_requires_auth" time="0.106" /><testcase classname="backend.tests.test_synthetic_sparks_backend.TestArena" name="test_leaderboard_public" time="0.135" /><testcase classname="backend.tests.test_synthetic_sparks_backend.TestLogout" name="test_logout_clears_cookies" time="0.105" /></testsuite></testsuites>