<?xml version="1.0" encoding="utf-8"?><testsuites name="pytest tests"><testsuite name="pytest" errors="0" failures="0" skipped="0" tests="23" time="5.493" timestamp="2026-05-08T04:17:37.992887+00:00" hostname="agent-env-9d49ee34-9f98-4382-baab-b40b4f813ab7"><testcase classname="backend.tests.test_synthetic_sparks_backend.TestHealth" name="test_api_root" time="0.618" /><testcase classname="backend.tests.test_synthetic_sparks_backend.TestAuth" name="test_register_returns_token_and_cookies" time="0.374" /><testcase classname="backend.tests.test_synthetic_sparks_backend.TestAuth" name="test_register_duplicate_rejected" time="0.489" /><testcase classname="backend.tests.test_synthetic_sparks_backend.TestAuth" name="test_login_valid" time="0.340" /><testcase classname="backend.tests.test_synthetic_sparks_backend.TestAuth" name="test_login_invalid_password" time="0.373" /><testcase classname="backend.tests.test_synthetic_sparks_backend.TestAuth" name="test_login_unknown_user" time="0.095" /><testcase classname="backend.tests.test_synthetic_sparks_backend.TestAuth" name="test_admin_seeded_login" time="0.376" /><testcase classname="backend.tests.test_synthetic_sparks_backend.TestAuth" name="test_me_with_bearer" time="0.148" /><testcase classname="backend.tests.test_synthetic_sparks_backend.TestAuth" name="test_me_with_cookie" time="0.048" /><testcase classname="backend.tests.test_synthetic_sparks_backend.TestAuth" name="test_me_unauthenticated" time="0.102" /><testcase classname="backend.tests.test_synthetic_sparks_backend.TestAuth" name="test_me_invalid_bearer" time="0.112" /><testcase classname="backend.tests.test_synthetic_sparks_backend.TestCharacter" name="test_create_character" time="0.103" /><testcase classname="backend.tests.test_synthetic_sparks_backend.TestCharacter" name="test_get_character_after_create" time="0.153" /><testcase classname="backend.tests.test_synthetic_sparks_backend.TestCharacter" name="test_get_character_for_new_user" time="0.460" /><testcase classname="backend.tests.test_synthetic_sparks_backend.TestCharacter" name="test_character_create_requires_auth" time="0.111" /><testcase classname="backend.tests.test_synthetic_sparks_backend.TestGameSave" name="test_save_persists_state" time="0.214" /><testcase classname="backend.tests.test_synthetic_sparks_backend.TestGameSave" name="test_load_when_no_save_returns_404" time="0.426" /><testcase classname="backend.tests.test_synthetic_sparks_backend.TestGameSave" name="test_checkpoint_then_restore" time="0.291" /><testcase classname="backend.tests.test_synthetic_sparks_backend.TestGameSave" name="test_save_requires_auth" time="0.103" /><testcase classname="backend.tests.test_synthetic_sparks_backend.TestArena" name="test_submit_score_and_leaderboard" time="0.154" /><testcase classname="backend.tests.test_synthetic_sparks_backend.TestArena" name="test_arena_score_requires_auth" time="0.120" /><testcase classname="backend.tests.test_synthetic_sparks_backend.TestArena" name="test_leaderboard_public" time="0.103" /><testcase classname="backend.tests.test_synthetic_sparks_backend.TestLogout" name="test_logout_clears_cookies" time="0.096" /></testsuite></testsuites>